<?xml version="1.0" encoding="UTF-8"?>
<!-- Generated by org.testng.reporters.JUnitXMLReporter -->
<testsuite hostname="LT-CQVNX33" ignored="0" name="Test" tests="4" failures="0" timestamp="2021-05-20T18:00:03 IST" time="0.035" errors="0">
  <testcase name="browserAut" time="0.003" classname="qamm.Mavenjava.SeleniumTest"/>
  <testcase name="elements" time="0.0" classname="qamm.Mavenjava.SeleniumTest"/>
  <testcase name="jira" time="0.001" classname="qamm.Mavenjava.RestAPITest"/>
  <testcase name="postBug" time="0.001" classname="qamm.Mavenjava.RestAPITest"/>
</testsuite> <!-- Test -->
