<?xml version="1.0" encoding="UTF-8"?>
<testsuite xmlns:xsi="http://www.w3.org/2001/XMLSchema-instance" xsi:noNamespaceSchemaLocation="https://maven.apache.org/surefire/maven-surefire-plugin/xsd/surefire-test-report-3.0.xsd" version="3.0" name="qamm.Mavenjava.SeleniumTest" time="0.436" tests="2" errors="0" skipped="0" failures="0">
  <properties>
[...]
</properties>
  <testcase name="browserAut" classname="qamm.Mavenjava.SeleniumTest" time="0.005">
    <system-out><![CDATA[Browser login
]]></system-out>
  </testcase>
  <testcase name="elements" classname="qamm.Mavenjava.SeleniumTest" time="0.001">
    <system-out><![CDATA[Locators for WebElements
]]></system-out>
  </testcase>
</testsuite>