<?xml version="1.0" encoding="UTF-8"?>
<testng-results skipped="0" failed="0" ignored="0" total="4" passed="4">
  <reporter-output>
  </reporter-output>
  <suite name="Suite" duration-ms="35" started-at="2021-05-20T18:00:03 IST" finished-at="2021-05-20T18:00:03 IST">
    <groups>
    </groups>
    <test name="Test" duration-ms="35" started-at="2021-05-20T18:00:03 IST" finished-at="2021-05-20T18:00:03 IST">
      <class name="qamm.Mavenjava.RestAPITest">
        <test-method status="PASS" signature="jira()[pri:0, instance:qamm.Mavenjava.RestAPITest@1efed156]" name="jira" duration-ms="1" started-at="2021-05-20T18:00:03 IST" finished-at="2021-05-20T18:00:03 IST">
          <reporter-output>
          </reporter-output>
        </test-method> <!-- jira -->
        <test-method status="PASS" signature="postBug()[pri:0, instance:qamm.Mavenjava.RestAPITest@1efed156]" name="postBug" duration-ms="1" started-at="2021-05-20T18:00:03 IST" finished-at="2021-05-20T18:00:03 IST">
          <reporter-output>
          </reporter-output>
        </test-method> <!-- postBug -->
      </class> <!-- qamm.Mavenjava.RestAPITest -->
      <class name="qamm.Mavenjava.SeleniumTest">
        <test-method status="PASS" signature="browserAut()[pri:0, instance:qamm.Mavenjava.SeleniumTest@3cef309d]" name="browserAut" duration-ms="3" started-at="2021-05-20T18:00:03 IST" finished-at="2021-05-20T18:00:03 IST">
          <reporter-output>
          </reporter-output>
        </test-method> <!-- browserAut -->
        <test-method status="PASS" signature="elements()[pri:0, instance:qamm.Mavenjava.SeleniumTest@3cef309d]" name="elements" duration-ms="0" started-at="2021-05-20T18:00:03 IST" finished-at="2021-05-20T18:00:03 IST">
          <reporter-output>
          </reporter-output>
        </test-method> <!-- elements -->
      </class> <!-- qamm.Mavenjava.SeleniumTest -->
    </test> <!-- Test -->
  </suite> <!-- Suite -->
</testng-results>
